Determining if the pthread_create exist failed with the following output:
Change Dir: /net/cremi/jimgouraud/mondes3D/mds3d_td4_opengl/build/CMakeFiles/CMakeTmp

Run Build Command:"/usr/bin/make" "cmTC_12a8f/fast"
/usr/bin/make -f CMakeFiles/cmTC_12a8f.dir/build.make CMakeFiles/cmTC_12a8f.dir/build
make[1] : on entre dans le répertoire « /autofs/netapp/account/cremi/jimgouraud/mondes3D/mds3d_td4_opengl/build/CMakeFiles/CMakeTmp »
Building C object CMakeFiles/cmTC_12a8f.dir/CheckSymbolExists.c.o
/usr/bin/cc     -o CMakeFiles/cmTC_12a8f.dir/CheckSymbolExists.c.o   -c /net/cremi/jimgouraud/mondes3D/mds3d_td4_opengl/build/CMakeFiles/CMakeTmp/CheckSymbolExists.c
Linking C executable cmTC_12a8f
/usr/bin/cmake -E cmake_link_script CMakeFiles/cmTC_12a8f.dir/link.txt --verbose=1
/usr/bin/cc       CMakeFiles/cmTC_12a8f.dir/CheckSymbolExists.c.o  -o cmTC_12a8f -rdynamic 
CMakeFiles/cmTC_12a8f.dir/CheckSymbolExists.c.o : Dans la fonction « main » :
CheckSymbolExists.c:(.text+0x1b) : référence indéfinie vers « pthread_create »
collect2: error: ld returned 1 exit status
CMakeFiles/cmTC_12a8f.dir/build.make:97 : la recette pour la cible « cmTC_12a8f » a échouée
make[1]: *** [cmTC_12a8f] Erreur 1
make[1] : on quitte le répertoire « /autofs/netapp/account/cremi/jimgouraud/mondes3D/mds3d_td4_opengl/build/CMakeFiles/CMakeTmp »
Makefile:126 : la recette pour la cible « cmTC_12a8f/fast » a échouée
make: *** [cmTC_12a8f/fast] Erreur 2

File /net/cremi/jimgouraud/mondes3D/mds3d_td4_opengl/build/CMakeFiles/CMakeTmp/CheckSymbolExists.c:
/* */
#include <pthread.h>

int main(int argc, char** argv)
{
  (void)argv;
#ifndef pthread_create
  return ((int*)(&pthread_create))[argc];
#else
  (void)argc;
  return 0;
#endif
}

Determining if the function pthread_create exists in the pthreads failed with the following output:
Change Dir: /net/cremi/jimgouraud/mondes3D/mds3d_td4_opengl/build/CMakeFiles/CMakeTmp

Run Build Command:"/usr/bin/make" "cmTC_db2f3/fast"
/usr/bin/make -f CMakeFiles/cmTC_db2f3.dir/build.make CMakeFiles/cmTC_db2f3.dir/build
make[1] : on entre dans le répertoire « /autofs/netapp/account/cremi/jimgouraud/mondes3D/mds3d_td4_opengl/build/CMakeFiles/CMakeTmp »
Building C object CMakeFiles/cmTC_db2f3.dir/CheckFunctionExists.c.o
/usr/bin/cc    -DCHECK_FUNCTION_EXISTS=pthread_create   -o CMakeFiles/cmTC_db2f3.dir/CheckFunctionExists.c.o   -c /usr/share/cmake-3.7/Modules/CheckFunctionExists.c
Linking C executable cmTC_db2f3
/usr/bin/cmake -E cmake_link_script CMakeFiles/cmTC_db2f3.dir/link.txt --verbose=1
/usr/bin/cc   -DCHECK_FUNCTION_EXISTS=pthread_create    CMakeFiles/cmTC_db2f3.dir/CheckFunctionExists.c.o  -o cmTC_db2f3 -rdynamic -lpthreads 
/usr/bin/ld : ne peut trouver -lpthreads
collect2: error: ld returned 1 exit status
CMakeFiles/cmTC_db2f3.dir/build.make:97 : la recette pour la cible « cmTC_db2f3 » a échouée
make[1]: *** [cmTC_db2f3] Erreur 1
make[1] : on quitte le répertoire « /autofs/netapp/account/cremi/jimgouraud/mondes3D/mds3d_td4_opengl/build/CMakeFiles/CMakeTmp »
Makefile:126 : la recette pour la cible « cmTC_db2f3/fast » a échouée
make: *** [cmTC_db2f3/fast] Erreur 2


