Determining if the pthread_create exist failed with the following output:
Change Dir: /home/krazyxx/mondes3D/TD8/build/CMakeFiles/CMakeTmp

Run Build Command:"/usr/bin/make" "cmTC_b7606/fast"
/usr/bin/make -f CMakeFiles/cmTC_b7606.dir/build.make CMakeFiles/cmTC_b7606.dir/build
make[1] : on entre dans le répertoire « /home/krazyxx/mondes3D/TD8/build/CMakeFiles/CMakeTmp »
Building C object CMakeFiles/cmTC_b7606.dir/CheckSymbolExists.c.o
/usr/bin/cc     -o CMakeFiles/cmTC_b7606.dir/CheckSymbolExists.c.o   -c /home/krazyxx/mondes3D/TD8/build/CMakeFiles/CMakeTmp/CheckSymbolExists.c
Linking C executable cmTC_b7606
/usr/bin/cmake -E cmake_link_script CMakeFiles/cmTC_b7606.dir/link.txt --verbose=1
/usr/bin/cc       CMakeFiles/cmTC_b7606.dir/CheckSymbolExists.c.o  -o cmTC_b7606 -rdynamic 
CMakeFiles/cmTC_b7606.dir/CheckSymbolExists.c.o : Dans la fonction « main » :
CheckSymbolExists.c:(.text+0x16) : référence indéfinie vers « pthread_create »
collect2: error: ld returned 1 exit status
CMakeFiles/cmTC_b7606.dir/build.make:97 : la recette pour la cible « cmTC_b7606 » a échouée
make[1]: *** [cmTC_b7606] Erreur 1
make[1] : on quitte le répertoire « /home/krazyxx/mondes3D/TD8/build/CMakeFiles/CMakeTmp »
Makefile:126 : la recette pour la cible « cmTC_b7606/fast » a échouée
make: *** [cmTC_b7606/fast] Erreur 2

File /home/krazyxx/mondes3D/TD8/build/CMakeFiles/CMakeTmp/CheckSymbolExists.c:
/* */
#include <pthread.h>

int main(int argc, char** argv)
{
  (void)argv;
#ifndef pthread_create
  return ((int*)(&pthread_create))[argc];
#else
  (void)argc;
  return 0;
#endif
}

Determining if the function pthread_create exists in the pthreads failed with the following output:
Change Dir: /home/krazyxx/mondes3D/TD8/build/CMakeFiles/CMakeTmp

Run Build Command:"/usr/bin/make" "cmTC_7753d/fast"
/usr/bin/make -f CMakeFiles/cmTC_7753d.dir/build.make CMakeFiles/cmTC_7753d.dir/build
make[1] : on entre dans le répertoire « /home/krazyxx/mondes3D/TD8/build/CMakeFiles/CMakeTmp »
Building C object CMakeFiles/cmTC_7753d.dir/CheckFunctionExists.c.o
/usr/bin/cc    -DCHECK_FUNCTION_EXISTS=pthread_create   -o CMakeFiles/cmTC_7753d.dir/CheckFunctionExists.c.o   -c /usr/share/cmake-3.5/Modules/CheckFunctionExists.c
Linking C executable cmTC_7753d
/usr/bin/cmake -E cmake_link_script CMakeFiles/cmTC_7753d.dir/link.txt --verbose=1
/usr/bin/cc   -DCHECK_FUNCTION_EXISTS=pthread_create    CMakeFiles/cmTC_7753d.dir/CheckFunctionExists.c.o  -o cmTC_7753d -rdynamic -lpthreads 
/usr/bin/ld : ne peut trouver -lpthreads
collect2: error: ld returned 1 exit status
CMakeFiles/cmTC_7753d.dir/build.make:97 : la recette pour la cible « cmTC_7753d » a échouée
make[1]: *** [cmTC_7753d] Erreur 1
make[1] : on quitte le répertoire « /home/krazyxx/mondes3D/TD8/build/CMakeFiles/CMakeTmp »
Makefile:126 : la recette pour la cible « cmTC_7753d/fast » a échouée
make: *** [cmTC_7753d/fast] Erreur 2


